生成启动时间为 2020/4/7 星期二 17:53:55。
     1>项目“E:\github\CocosLuaDragonBones\frameworks\runtime-src\proj.win32\CocosLuaDragonBones.vcxproj”在节点 3 上(Build 个目标)。
     1>ClCompile:
         F:\vs2015\VC\bin\CL.exe /c /I"E:\github\CocosLuaDragonBones\frameworks\runtime-src\proj.win32\..\Classes" /I"E:\github\CocosLuaDragonBones\frameworks\runtime-src\proj.win32\..\Classes\runtime" /I"E:\github\CocosLuaDragonBones\frameworks\runtime-src\proj.win32\..\Classes\protobuf-lite" /I"E:\github\CocosLuaDragonBones\frameworks\cocos2d-x\cocos\2d\..\..\external\win32-specific\zlib\include" /I"E:\github\CocosLuaDragonBones\frameworks\cocos2d-x\cocos\2d\..\..\cocos\scripting\lua-bindings\auto" /I"E:\github\CocosLuaDragonBones\frameworks\cocos2d-x\cocos\2d\..\..\cocos\scripting\lua-bindings\manual" /I"E:\github\CocosLuaDragonBones\frameworks\cocos2d-x\cocos\2d\..\..\cocos\audio\include" /I"E:\github\CocosLuaDragonBones\frameworks\cocos2d-x\cocos\2d\..\..\external" /I"E:\github\CocosLuaDragonBones\frameworks\cocos2d-x\cocos\2d\..\..\external\lua\lua" /I"E:\github\CocosLuaDragonBones\frameworks\cocos2d-x\cocos\2d\..\..\external\lua\tolua" /I"E:\github\CocosLuaDragonBones\frameworks\cocos2d-x\cocos\2d\..\..\external\chipmunk\include\chipmunk" /I"E:\github\CocosLuaDragonBones\frameworks\cocos2d-x\cocos\2d\..\..\external\curl\include\win32" /I"E:\github\CocosLuaDragonBones\frameworks\cocos2d-x\cocos\2d\..\..\extensions" /I"E:\github\CocosLuaDragonBones\frameworks\cocos2d-x\cocos\2d\..\..\tools\simulator\libsimulator\lib" /I"E:\github\CocosLuaDragonBones\frameworks\cocos2d-x\cocos\2d\..\..\tools\simulator\libsimulator\lib\protobuf-lite" /I"E:\github\CocosLuaDragonBones\frameworks\cocos2d-x\cocos\2d\..\..\\" /I"E:\github\CocosLuaDragonBones\frameworks\cocos2d-x\cocos\2d\..\..\cocos\editor-support" /I"E:\github\CocosLuaDragonBones\frameworks\cocos2d-x\cocos\2d\..\..\cocos" /I"E:\github\CocosLuaDragonBones\frameworks\cocos2d-x\cocos\2d\..\..\cocos\platform" /I"E:\github\CocosLuaDragonBones\frameworks\cocos2d-x\cocos\2d\..\..\cocos\platform\desktop" /I"E:\github\CocosLuaDragonBones\frameworks\cocos2d-x\cocos\2d\..\..\external\glfw3\include\win32" /I"E:\github\CocosLuaDragonBones\frameworks\cocos2d-x\cocos\2d\..\..\external\win32-specific\gles\include\OGLES" /I"E:\github\CocosLuaDragonBones\frameworks\cocos2d-x\cocos\2d\..\..\external\freetype2\include\win32\freetype2" /I"E:\github\CocosLuaDragonBones\frameworks\cocos2d-x\cocos\2d\..\..\external\freetype2\include\win32\\" /I"E:\github\CocosLuaDragonBones\frameworks\cocos2d-x\cocos\2d\..\..\external" /ZI /nologo /W3 /WX- /MP /Od /Oy- /D WIN32 /D _WINDOWS /D STRICT /D _CRT_SECURE_NO_WARNINGS /D _SCL_SECURE_NO_WARNINGS_DEBUG /D COCOS2D_DEBUG=1 /D GLFW_EXPOSE_NATIVE_WIN32 /D GLFW_EXPOSE_NATIVE_WGL /D _USRLUASTATIC /D _USRLIBSIMSTATIC /D _VARIADIC_MAX=10 /D _USING_V110_SDK71_ /D _UNICODE /D UNICODE /Gm- /EHsc /RTC1 /MDd /GS /fp:precise /Zc:wchar_t /Zc:forScope /Zc:inline /Fo"Debug.win32\\" /Fd"Debug.win32\vc140.pdb" /Gd /TP /wd4267 /wd4251 /wd4244 /FIalgorithm /analyze- /errorReport:prompt ..\Classes\lua_DbManager_auto.cpp
         lua_DbManager_auto.cpp
     1>e:\github\cocosluadragonbones\frameworks\runtime-src\classes\dragonbones\cocos2dx\cctextureatlasdata.h : warning C4819: 该文件包含不能在当前代码页(936)中表示的字符。请将该文件保存为 Unicode 格式以防止数据丢失
     1>e:\github\cocosluadragonbones\frameworks\runtime-src\classes\dragonbones\core\dragonbones.h : warning C4819: 该文件包含不能在当前代码页(936)中表示的字符。请将该文件保存为 Unicode 格式以防止数据丢失
     1>e:\github\cocosluadragonbones\frameworks\runtime-src\classes\dragonbones\core\baseobject.h : warning C4819: 该文件包含不能在当前代码页(936)中表示的字符。请将该文件保存为 Unicode 格式以防止数据丢失
     1>e:\github\cocosluadragonbones\frameworks\runtime-src\classes\dragonbones\geom\matrix.h : warning C4819: 该文件包含不能在当前代码页(936)中表示的字符。请将该文件保存为 Unicode 格式以防止数据丢失
     1>e:\github\cocosluadragonbones\frameworks\runtime-src\classes\dragonbones\geom\point.h : warning C4819: 该文件包含不能在当前代码页(936)中表示的字符。请将该文件保存为 Unicode 格式以防止数据丢失
     1>e:\github\cocosluadragonbones\frameworks\runtime-src\classes\dragonbones\geom\rectangle.h : warning C4819: 该文件包含不能在当前代码页(936)中表示的字符。请将该文件保存为 Unicode 格式以防止数据丢失
     1>e:\github\cocosluadragonbones\frameworks\runtime-src\classes\dragonbones\geom\transform.h : warning C4819: 该文件包含不能在当前代码页(936)中表示的字符。请将该文件保存为 Unicode 格式以防止数据丢失
     1>e:\github\cocosluadragonbones\frameworks\runtime-src\classes\dragonbones\model\textureatlasdata.h : warning C4819: 该文件包含不能在当前代码页(936)中表示的字符。请将该文件保存为 Unicode 格式以防止数据丢失
     1>e:\github\cocosluadragonbones\frameworks\runtime-src\classes\dragonbones\model\userdata.h : warning C4819: 该文件包含不能在当前代码页(936)中表示的字符。请将该文件保存为 Unicode 格式以防止数据丢失
     1>e:\github\cocosluadragonbones\frameworks\runtime-src\classes\dragonbones\model\dragonbonesdata.h : warning C4819: 该文件包含不能在当前代码页(936)中表示的字符。请将该文件保存为 Unicode 格式以防止数据丢失
     1>e:\github\cocosluadragonbones\frameworks\runtime-src\classes\dragonbones\model\armaturedata.h : warning C4819: 该文件包含不能在当前代码页(936)中表示的字符。请将该文件保存为 Unicode 格式以防止数据丢失
     1>e:\github\cocosluadragonbones\frameworks\runtime-src\classes\dragonbones\model\skindata.h : warning C4819: 该文件包含不能在当前代码页(936)中表示的字符。请将该文件保存为 Unicode 格式以防止数据丢失
     1>e:\github\cocosluadragonbones\frameworks\runtime-src\classes\dragonbones\model\boundingboxdata.h : warning C4819: 该文件包含不能在当前代码页(936)中表示的字符。请将该文件保存为 Unicode 格式以防止数据丢失
     1>e:\github\cocosluadragonbones\frameworks\runtime-src\classes\dragonbones\model\animationdata.h : warning C4819: 该文件包含不能在当前代码页(936)中表示的字符。请将该文件保存为 Unicode 格式以防止数据丢失
     1>e:\github\cocosluadragonbones\frameworks\runtime-src\classes\dragonbones\model\animationconfig.h : warning C4819: 该文件包含不能在当前代码页(936)中表示的字符。请将该文件保存为 Unicode 格式以防止数据丢失
     1>e:\github\cocosluadragonbones\frameworks\runtime-src\classes\dragonbones\armature\iarmatureproxy.h : warning C4819: 该文件包含不能在当前代码页(936)中表示的字符。请将该文件保存为 Unicode 格式以防止数据丢失
     1>e:\github\cocosluadragonbones\frameworks\runtime-src\classes\dragonbones\event\ieventdispatcher.h : warning C4819: 该文件包含不能在当前代码页(936)中表示的字符。请将该文件保存为 Unicode 格式以防止数据丢失
     1>e:\github\cocosluadragonbones\frameworks\runtime-src\classes\dragonbones\armature\armature.h : warning C4819: 该文件包含不能在当前代码页(936)中表示的字符。请将该文件保存为 Unicode 格式以防止数据丢失
     1>e:\github\cocosluadragonbones\frameworks\runtime-src\classes\dragonbones\animation\ianimatable.h : warning C4819: 该文件包含不能在当前代码页(936)中表示的字符。请将该文件保存为 Unicode 格式以防止数据丢失
     1>e:\github\cocosluadragonbones\frameworks\runtime-src\classes\dragonbones\armature\transformobject.h : warning C4819: 该文件包含不能在当前代码页(936)中表示的字符。请将该文件保存为 Unicode 格式以防止数据丢失
     1>e:\github\cocosluadragonbones\frameworks\runtime-src\classes\dragonbones\armature\bone.h : warning C4819: 该文件包含不能在当前代码页(936)中表示的字符。请将该文件保存为 Unicode 格式以防止数据丢失
     1>e:\github\cocosluadragonbones\frameworks\runtime-src\classes\dragonbones\animation\animationstate.h : warning C4819: 该文件包含不能在当前代码页(936)中表示的字符。请将该文件保存为 Unicode 格式以防止数据丢失
     1>e:\github\cocosluadragonbones\frameworks\runtime-src\classes\dragonbones\armature\slot.h : warning C4819: 该文件包含不能在当前代码页(936)中表示的字符。请将该文件保存为 Unicode 格式以防止数据丢失
     1>e:\github\cocosluadragonbones\frameworks\runtime-src\classes\dragonbones\animation\worldclock.h : warning C4819: 该文件包含不能在当前代码页(936)中表示的字符。请将该文件保存为 Unicode 格式以防止数据丢失
     1>e:\github\cocosluadragonbones\frameworks\runtime-src\classes\dragonbones\animation\animation.h : warning C4819: 该文件包含不能在当前代码页(936)中表示的字符。请将该文件保存为 Unicode 格式以防止数据丢失
     1>e:\github\cocosluadragonbones\frameworks\runtime-src\classes\dragonbones\event\eventobject.h : warning C4819: 该文件包含不能在当前代码页(936)中表示的字符。请将该文件保存为 Unicode 格式以防止数据丢失
     1>e:\github\cocosluadragonbones\frameworks\runtime-src\classes\dragonbones\factory\basefactory.h : warning C4819: 该文件包含不能在当前代码页(936)中表示的字符。请将该文件保存为 Unicode 格式以防止数据丢失
     1>e:\github\cocosluadragonbones\frameworks\runtime-src\classes\dragonbones\cocos2dx\ccslot.h : warning C4819: 该文件包含不能在当前代码页(936)中表示的字符。请将该文件保存为 Unicode 格式以防止数据丢失
     1>e:\github\cocosluadragonbones\frameworks\runtime-src\classes\dragonbones\cocos2dx\ccfactory.h : warning C4819: 该文件包含不能在当前代码页(936)中表示的字符。请将该文件保存为 Unicode 格式以防止数据丢失
     1>C:\Program Files (x86)\MSBuild\Microsoft.Cpp\v4.0\V140\Microsoft.CppBuild.targets(1189,5): warning MSB8012: TargetPath(E:\github\CocosLuaDragonBones\frameworks\runtime-src\proj.win32\Debug.win32\CocosLuaDragonBones.exe) does not match the Linker's OutputFile property value (E:\github\CocosLuaDragonBones\simulator\win32\CocosLuaDragonBones.exe). This may cause your project to build incorrectly. To correct this, please make sure that $(OutDir), $(TargetName) and $(TargetExt) property values match the value specified in %(Link.OutputFile).
       Link:
         F:\vs2015\VC\bin\link.exe /ERRORREPORT:PROMPT /OUT:"E:\github\CocosLuaDragonBones\frameworks\runtime-src\proj.win32\../../../simulator/win32/CocosLuaDragonBones.exe" /INCREMENTAL /NOLOGO /LIBPATH:"E:\github\CocosLuaDragonBones\frameworks\runtime-src\proj.win32\Debug.win32\\" /LIBPATH:"E:\github\CocosLuaDragonBones\frameworks\runtime-src\proj.win32\Debug.win32\\" libcurl_imp.lib websockets.lib opengl32.lib glew32.lib libzlib.lib libwebp.lib libiconv.lib freetype.lib winmm.lib ws2_32.lib libbox2d.lib libSpine.lib kernel32.lib user32.lib gdi32.lib winspool.lib comdlg32.lib advapi32.lib shell32.lib ole32.lib oleaut32.lib uuid.lib odbc32.lib odbccp32.lib /NODEFAULTLIB:libcmt.lib /MANIFEST /MANIFESTUAC:"level='asInvoker' uiAccess='false'" /manifest:embed /Debug /PDB:"E:\github\CocosLuaDragonBones\frameworks\runtime-src\proj.win32\../../../simulator/win32/CocosLuaDragonBones.pdb" /SUBSYSTEM:WINDOWS,"5.01" /TLBID:1 /DYNAMICBASE /NXCOMPAT /IMPLIB:"E:\github\CocosLuaDragonBones\frameworks\runtime-src\proj.win32\Debug.win32\CocosLuaDragonBones.lib" /MACHINE:X86 Debug.win32\game.res
         Debug.win32\AppDelegate.obj
         Debug.win32\DbManager.obj
         Debug.win32\Animation.obj
         Debug.win32\AnimationState.obj
         Debug.win32\BaseTimelineState.obj
         Debug.win32\TimelineState.obj
         Debug.win32\WorldClock.obj
         Debug.win32\Armature.obj
         Debug.win32\Bone.obj
         Debug.win32\Constraint.obj
         Debug.win32\DeformVertices.obj
         Debug.win32\Slot.obj
         Debug.win32\TransformObject.obj
         Debug.win32\CCArmatureDisplay.obj
         Debug.win32\CCFactory.obj
         Debug.win32\CCSlot.obj
         Debug.win32\CCTextureAtlasData.obj
         Debug.win32\BaseObject.obj
         Debug.win32\DragonBones.obj
         Debug.win32\EventObject.obj
         Debug.win32\BaseFactory.obj
         Debug.win32\Point.obj
         Debug.win32\Transform.obj
         Debug.win32\AnimationConfig.obj
         Debug.win32\AnimationData.obj
         Debug.win32\ArmatureData.obj
         Debug.win32\BoundingBoxData.obj
         Debug.win32\CanvasData.obj
         Debug.win32\ConstraintData.obj
         Debug.win32\DisplayData.obj
         Debug.win32\DragonBonesData.obj
         Debug.win32\SkinData.obj
         Debug.win32\TextureAtlasData.obj
         Debug.win32\UserData.obj
         Debug.win32\BinaryDataParser.obj
         Debug.win32\DataParser.obj
         Debug.win32\JSONDataParser.obj
         Debug.win32\lua_debugger.obj
         Debug.win32\RuntimeLuaImpl.obj
         Debug.win32\lua_DbManager_auto.obj
         Debug.win32\main.obj
         Debug.win32\SimulatorWin.obj
         Debug.win32\stdafx.obj
         "E:\github\CocosLuaDragonBones\frameworks\runtime-src\proj.win32\Debug.win32\libcocos2d.lib"
         "E:\github\CocosLuaDragonBones\frameworks\runtime-src\proj.win32\Debug.win32\libluacocos2d.lib"
         "E:\github\CocosLuaDragonBones\frameworks\runtime-src\proj.win32\Debug.win32\libsimulator.lib"
         CocosLuaDragonBones.vcxproj -> E:\github\CocosLuaDragonBones\frameworks\runtime-src\proj.win32\Debug.win32\CocosLuaDragonBones.exe
       CustomBuildStep:
         if not exist "E:\github\CocosLuaDragonBones\frameworks\runtime-src\proj.win32\Debug.win32\../../../../simulator/win32" mkdir "E:\github\CocosLuaDragonBones\frameworks\runtime-src\proj.win32\Debug.win32\../../../../simulator/win32"
         xcopy /Y /Q "E:\github\CocosLuaDragonBones\frameworks\runtime-src\proj.win32\Debug.win32\*.dll" "E:\github\CocosLuaDragonBones\frameworks\runtime-src\proj.win32\Debug.win32\../../../../simulator/win32"
         xcopy /Y /Q "E:\github\CocosLuaDragonBones\frameworks\runtime-src\proj.win32\..\Classes\ide-support\lang" "E:\github\CocosLuaDragonBones\frameworks\runtime-src\proj.win32\Debug.win32\../../../../simulator/win32"
         xcopy "E:\github\CocosLuaDragonBones\frameworks\runtime-src\proj.win32\..\..\..\res" "E:\github\CocosLuaDragonBones\frameworks\runtime-src\proj.win32\Debug.win32\../../../../simulator/win32\res" /D /E /I /F /Y
         xcopy "E:\github\CocosLuaDragonBones\frameworks\runtime-src\proj.win32\..\..\..\src" "E:\github\CocosLuaDragonBones\frameworks\runtime-src\proj.win32\Debug.win32\../../../../simulator/win32\src" /D /E /I /F /Y
         :VCEnd
         复制了 14 个文件
         复制了 1 个文件
         复制了 0 个文件
         E:\github\CocosLuaDragonBones\src\app\views\MainScene.lua -> E:\github\CocosLuaDragonBones\simulator\win32\src\app\views\MainScene.lua
         复制了 1 个文件
     1>已完成生成项目“E:\github\CocosLuaDragonBones\frameworks\runtime-src\proj.win32\CocosLuaDragonBones.vcxproj”(Build 个目标)的操作。

已成功生成。

已用时间 00:00:07.04
